[21-Feb-2018 18:03:07 UTC] PHP Warning:  include(ROOT/views/layouts/header.php): failed to open stream: No such file or directory in /home/ubuntu/workspace/views/user/login.php on line 1
[21-Feb-2018 18:03:07 UTC] PHP Stack trace:
[21-Feb-2018 18:03:07 UTC] PHP   1. {main}() /home/ubuntu/workspace/views/user/login.php:0
[21-Feb-2018 18:03:07 UTC] PHP Warning:  include(): Failed opening 'ROOT/views/layouts/header.php' for inclusion (include_path='.:/usr/share/php:/usr/share/pear') in /home/ubuntu/workspace/views/user/login.php on line 1
[21-Feb-2018 18:03:07 UTC] PHP Stack trace:
[21-Feb-2018 18:03:07 UTC] PHP   1. {main}() /home/ubuntu/workspace/views/user/login.php:0
[21-Feb-2018 18:03:07 UTC] PHP Warning:  include(ROOT/views/layouts/footer.php): failed to open stream: No such file or directory in /home/ubuntu/workspace/views/user/login.php on line 36
[21-Feb-2018 18:03:07 UTC] PHP Stack trace:
[21-Feb-2018 18:03:07 UTC] PHP   1. {main}() /home/ubuntu/workspace/views/user/login.php:0
[21-Feb-2018 18:03:07 UTC] PHP Warning:  include(): Failed opening 'ROOT/views/layouts/footer.php' for inclusion (include_path='.:/usr/share/php:/usr/share/pear') in /home/ubuntu/workspace/views/user/login.php on line 36
[21-Feb-2018 18:03:07 UTC] PHP Stack trace:
[21-Feb-2018 18:03:07 UTC] PHP   1. {main}() /home/ubuntu/workspace/views/user/login.php:0
[21-Feb-2018 18:06:04 UTC] PHP Warning:  include(ROOT/views/layouts/header.php): failed to open stream: No such file or directory in /home/ubuntu/workspace/views/user/login.php on line 1
[21-Feb-2018 18:06:04 UTC] PHP Stack trace:
[21-Feb-2018 18:06:04 UTC] PHP   1. {main}() /home/ubuntu/workspace/views/user/login.php:0
[21-Feb-2018 18:06:04 UTC] PHP Warning:  include(): Failed opening 'ROOT/views/layouts/header.php' for inclusion (include_path='.:/usr/share/php:/usr/share/pear') in /home/ubuntu/workspace/views/user/login.php on line 1
[21-Feb-2018 18:06:04 UTC] PHP Stack trace:
[21-Feb-2018 18:06:04 UTC] PHP   1. {main}() /home/ubuntu/workspace/views/user/login.php:0
[21-Feb-2018 18:06:04 UTC] PHP Warning:  include(ROOT/views/layouts/footer.php): failed to open stream: No such file or directory in /home/ubuntu/workspace/views/user/login.php on line 36
[21-Feb-2018 18:06:04 UTC] PHP Stack trace:
[21-Feb-2018 18:06:04 UTC] PHP   1. {main}() /home/ubuntu/workspace/views/user/login.php:0
[21-Feb-2018 18:06:04 UTC] PHP Warning:  include(): Failed opening 'ROOT/views/layouts/footer.php' for inclusion (include_path='.:/usr/share/php:/usr/share/pear') in /home/ubuntu/workspace/views/user/login.php on line 36
[21-Feb-2018 18:06:04 UTC] PHP Stack trace:
[21-Feb-2018 18:06:04 UTC] PHP   1. {main}() /home/ubuntu/workspace/views/user/login.php:0
[21-Feb-2018 18:07:22 UTC] PHP Warning:  include(ROOT/views/layouts/header.php): failed to open stream: No such file or directory in /home/ubuntu/workspace/views/user/login.php on line 1
[21-Feb-2018 18:07:22 UTC] PHP Stack trace:
[21-Feb-2018 18:07:22 UTC] PHP   1. {main}() /home/ubuntu/workspace/views/user/login.php:0
[21-Feb-2018 18:07:22 UTC] PHP Warning:  include(): Failed opening 'ROOT/views/layouts/header.php' for inclusion (include_path='.:/usr/share/php:/usr/share/pear') in /home/ubuntu/workspace/views/user/login.php on line 1
[21-Feb-2018 18:07:22 UTC] PHP Stack trace:
[21-Feb-2018 18:07:22 UTC] PHP   1. {main}() /home/ubuntu/workspace/views/user/login.php:0
[21-Feb-2018 18:07:22 UTC] PHP Warning:  include(ROOT/views/layouts/footer.php): failed to open stream: No such file or directory in /home/ubuntu/workspace/views/user/login.php on line 36
[21-Feb-2018 18:07:22 UTC] PHP Stack trace:
[21-Feb-2018 18:07:22 UTC] PHP   1. {main}() /home/ubuntu/workspace/views/user/login.php:0
[21-Feb-2018 18:07:22 UTC] PHP Warning:  include(): Failed opening 'ROOT/views/layouts/footer.php' for inclusion (include_path='.:/usr/share/php:/usr/share/pear') in /home/ubuntu/workspace/views/user/login.php on line 36
[21-Feb-2018 18:07:22 UTC] PHP Stack trace:
[21-Feb-2018 18:07:22 UTC] PHP   1. {main}() /home/ubuntu/workspace/views/user/login.php:0
[21-Feb-2018 18:11:26 UTC] PHP Warning:  include(ROOT/views/layouts/header.php): failed to open stream: No such file or directory in /home/ubuntu/workspace/views/user/login.php on line 1
[21-Feb-2018 18:11:26 UTC] PHP Stack trace:
[21-Feb-2018 18:11:26 UTC] PHP   1. {main}() /home/ubuntu/workspace/views/user/login.php:0
[21-Feb-2018 18:11:26 UTC] PHP Warning:  include(): Failed opening 'ROOT/views/layouts/header.php' for inclusion (include_path='.:/usr/share/php:/usr/share/pear') in /home/ubuntu/workspace/views/user/login.php on line 1
[21-Feb-2018 18:11:26 UTC] PHP Stack trace:
[21-Feb-2018 18:11:26 UTC] PHP   1. {main}() /home/ubuntu/workspace/views/user/login.php:0
[21-Feb-2018 18:11:26 UTC] PHP Warning:  include(ROOT/views/layouts/footer.php): failed to open stream: No such file or directory in /home/ubuntu/workspace/views/user/login.php on line 36
[21-Feb-2018 18:11:26 UTC] PHP Stack trace:
[21-Feb-2018 18:11:26 UTC] PHP   1. {main}() /home/ubuntu/workspace/views/user/login.php:0
[21-Feb-2018 18:11:26 UTC] PHP Warning:  include(): Failed opening 'ROOT/views/layouts/footer.php' for inclusion (include_path='.:/usr/share/php:/usr/share/pear') in /home/ubuntu/workspace/views/user/login.php on line 36
[21-Feb-2018 18:11:26 UTC] PHP Stack trace:
[21-Feb-2018 18:11:26 UTC] PHP   1. {main}() /home/ubuntu/workspace/views/user/login.php:0
[21-Feb-2018 18:11:53 UTC] PHP Warning:  include(ROOT/views/layouts/header.php): failed to open stream: No such file or directory in /home/ubuntu/workspace/views/user/login.php on line 1
[21-Feb-2018 18:11:53 UTC] PHP Stack trace:
[21-Feb-2018 18:11:53 UTC] PHP   1. {main}() /home/ubuntu/workspace/views/user/login.php:0
[21-Feb-2018 18:11:53 UTC] PHP Warning:  include(): Failed opening 'ROOT/views/layouts/header.php' for inclusion (include_path='.:/usr/share/php:/usr/share/pear') in /home/ubuntu/workspace/views/user/login.php on line 1
[21-Feb-2018 18:11:53 UTC] PHP Stack trace:
[21-Feb-2018 18:11:53 UTC] PHP   1. {main}() /home/ubuntu/workspace/views/user/login.php:0
[21-Feb-2018 18:11:53 UTC] PHP Warning:  include(ROOT/views/layouts/footer.php): failed to open stream: No such file or directory in /home/ubuntu/workspace/views/user/login.php on line 36
[21-Feb-2018 18:11:53 UTC] PHP Stack trace:
[21-Feb-2018 18:11:53 UTC] PHP   1. {main}() /home/ubuntu/workspace/views/user/login.php:0
[21-Feb-2018 18:11:53 UTC] PHP Warning:  include(): Failed opening 'ROOT/views/layouts/footer.php' for inclusion (include_path='.:/usr/share/php:/usr/share/pear') in /home/ubuntu/workspace/views/user/login.php on line 36
[21-Feb-2018 18:11:53 UTC] PHP Stack trace:
[21-Feb-2018 18:11:53 UTC] PHP   1. {main}() /home/ubuntu/workspace/views/user/login.php:0
[25-Feb-2018 13:51:37 UTC] PHP Warning:  include(ROOT/views/layouts/header.php): failed to open stream: No such file or directory in /home/ubuntu/workspace/views/user/login.php on line 1
[25-Feb-2018 13:51:37 UTC] PHP Stack trace:
[25-Feb-2018 13:51:37 UTC] PHP   1. {main}() /home/ubuntu/workspace/views/user/login.php:0
[25-Feb-2018 13:51:37 UTC] PHP Warning:  include(): Failed opening 'ROOT/views/layouts/header.php' for inclusion (include_path='.:/usr/share/php:/usr/share/pear') in /home/ubuntu/workspace/views/user/login.php on line 1
[25-Feb-2018 13:51:37 UTC] PHP Stack trace:
[25-Feb-2018 13:51:37 UTC] PHP   1. {main}() /home/ubuntu/workspace/views/user/login.php:0
[25-Feb-2018 13:51:37 UTC] PHP Warning:  include(ROOT/views/layouts/footer.php): failed to open stream: No such file or directory in /home/ubuntu/workspace/views/user/login.php on line 46
[25-Feb-2018 13:51:37 UTC] PHP Stack trace:
[25-Feb-2018 13:51:37 UTC] PHP   1. {main}() /home/ubuntu/workspace/views/user/login.php:0
[25-Feb-2018 13:51:37 UTC] PHP Warning:  include(): Failed opening 'ROOT/views/layouts/footer.php' for inclusion (include_path='.:/usr/share/php:/usr/share/pear') in /home/ubuntu/workspace/views/user/login.php on line 46
[25-Feb-2018 13:51:37 UTC] PHP Stack trace:
[25-Feb-2018 13:51:37 UTC] PHP   1. {main}() /home/ubuntu/workspace/views/user/login.php:0
[25-Feb-2018 13:51:57 UTC] PHP Warning:  include(ROOT/views/layouts/header.php): failed to open stream: No such file or directory in /home/ubuntu/workspace/views/user/login.php on line 1
[25-Feb-2018 13:51:57 UTC] PHP Stack trace:
[25-Feb-2018 13:51:57 UTC] PHP   1. {main}() /home/ubuntu/workspace/views/user/login.php:0
[25-Feb-2018 13:51:57 UTC] PHP Warning:  include(): Failed opening 'ROOT/views/layouts/header.php' for inclusion (include_path='.:/usr/share/php:/usr/share/pear') in /home/ubuntu/workspace/views/user/login.php on line 1
[25-Feb-2018 13:51:57 UTC] PHP Stack trace:
[25-Feb-2018 13:51:57 UTC] PHP   1. {main}() /home/ubuntu/workspace/views/user/login.php:0
[25-Feb-2018 13:51:57 UTC] PHP Warning:  include(ROOT/views/layouts/footer.php): failed to open stream: No such file or directory in /home/ubuntu/workspace/views/user/login.php on line 46
[25-Feb-2018 13:51:57 UTC] PHP Stack trace:
[25-Feb-2018 13:51:57 UTC] PHP   1. {main}() /home/ubuntu/workspace/views/user/login.php:0
[25-Feb-2018 13:51:57 UTC] PHP Warning:  include(): Failed opening 'ROOT/views/layouts/footer.php' for inclusion (include_path='.:/usr/share/php:/usr/share/pear') in /home/ubuntu/workspace/views/user/login.php on line 46
[25-Feb-2018 13:51:57 UTC] PHP Stack trace:
[25-Feb-2018 13:51:57 UTC] PHP   1. {main}() /home/ubuntu/workspace/views/user/login.php:0
[25-Feb-2018 13:52:11 UTC] PHP Warning:  include(ROOT/views/layouts/header.php): failed to open stream: No such file or directory in /home/ubuntu/workspace/views/user/login.php on line 1
[25-Feb-2018 13:52:11 UTC] PHP Stack trace:
[25-Feb-2018 13:52:11 UTC] PHP   1. {main}() /home/ubuntu/workspace/views/user/login.php:0
[25-Feb-2018 13:52:11 UTC] PHP Warning:  include(): Failed opening 'ROOT/views/layouts/header.php' for inclusion (include_path='.:/usr/share/php:/usr/share/pear') in /home/ubuntu/workspace/views/user/login.php on line 1
[25-Feb-2018 13:52:11 UTC] PHP Stack trace:
[25-Feb-2018 13:52:11 UTC] PHP   1. {main}() /home/ubuntu/workspace/views/user/login.php:0
[25-Feb-2018 13:52:11 UTC] PHP Warning:  include(ROOT/views/layouts/footer.php): failed to open stream: No such file or directory in /home/ubuntu/workspace/views/user/login.php on line 46
[25-Feb-2018 13:52:11 UTC] PHP Stack trace:
[25-Feb-2018 13:52:11 UTC] PHP   1. {main}() /home/ubuntu/workspace/views/user/login.php:0
[25-Feb-2018 13:52:11 UTC] PHP Warning:  include(): Failed opening 'ROOT/views/layouts/footer.php' for inclusion (include_path='.:/usr/share/php:/usr/share/pear') in /home/ubuntu/workspace/views/user/login.php on line 46
[25-Feb-2018 13:52:11 UTC] PHP Stack trace:
[25-Feb-2018 13:52:11 UTC] PHP   1. {main}() /home/ubuntu/workspace/views/user/login.php:0
[25-Feb-2018 13:53:55 UTC] PHP Warning:  include(ROOT/views/layouts/header.php): failed to open stream: No such file or directory in /home/ubuntu/workspace/views/user/login.php on line 1
[25-Feb-2018 13:53:55 UTC] PHP Stack trace:
[25-Feb-2018 13:53:55 UTC] PHP   1. {main}() /home/ubuntu/workspace/views/user/login.php:0
[25-Feb-2018 13:53:55 UTC] PHP Warning:  include(): Failed opening 'ROOT/views/layouts/header.php' for inclusion (include_path='.:/usr/share/php:/usr/share/pear') in /home/ubuntu/workspace/views/user/login.php on line 1
[25-Feb-2018 13:53:55 UTC] PHP Stack trace:
[25-Feb-2018 13:53:55 UTC] PHP   1. {main}() /home/ubuntu/workspace/views/user/login.php:0
[25-Feb-2018 13:53:55 UTC] PHP Warning:  include(ROOT/views/layouts/footer.php): failed to open stream: No such file or directory in /home/ubuntu/workspace/views/user/login.php on line 46
[25-Feb-2018 13:53:55 UTC] PHP Stack trace:
[25-Feb-2018 13:53:55 UTC] PHP   1. {main}() /home/ubuntu/workspace/views/user/login.php:0
[25-Feb-2018 13:53:55 UTC] PHP Warning:  include(): Failed opening 'ROOT/views/layouts/footer.php' for inclusion (include_path='.:/usr/share/php:/usr/share/pear') in /home/ubuntu/workspace/views/user/login.php on line 46
[25-Feb-2018 13:53:55 UTC] PHP Stack trace:
[25-Feb-2018 13:53:55 UTC] PHP   1. {main}() /home/ubuntu/workspace/views/user/login.php:0
[25-Feb-2018 13:53:59 UTC] PHP Warning:  include(ROOT/views/layouts/header.php): failed to open stream: No such file or directory in /home/ubuntu/workspace/views/user/login.php on line 1
[25-Feb-2018 13:53:59 UTC] PHP Stack trace:
[25-Feb-2018 13:53:59 UTC] PHP   1. {main}() /home/ubuntu/workspace/views/user/login.php:0
[25-Feb-2018 13:53:59 UTC] PHP Warning:  include(): Failed opening 'ROOT/views/layouts/header.php' for inclusion (include_path='.:/usr/share/php:/usr/share/pear') in /home/ubuntu/workspace/views/user/login.php on line 1
[25-Feb-2018 13:53:59 UTC] PHP Stack trace:
[25-Feb-2018 13:53:59 UTC] PHP   1. {main}() /home/ubuntu/workspace/views/user/login.php:0
[25-Feb-2018 13:53:59 UTC] PHP Warning:  include(ROOT/views/layouts/footer.php): failed to open stream: No such file or directory in /home/ubuntu/workspace/views/user/login.php on line 46
[25-Feb-2018 13:53:59 UTC] PHP Stack trace:
[25-Feb-2018 13:53:59 UTC] PHP   1. {main}() /home/ubuntu/workspace/views/user/login.php:0
[25-Feb-2018 13:53:59 UTC] PHP Warning:  include(): Failed opening 'ROOT/views/layouts/footer.php' for inclusion (include_path='.:/usr/share/php:/usr/share/pear') in /home/ubuntu/workspace/views/user/login.php on line 46
[25-Feb-2018 13:53:59 UTC] PHP Stack trace:
[25-Feb-2018 13:53:59 UTC] PHP   1. {main}() /home/ubuntu/workspace/views/user/login.php:0
